<?xml version="1.0" encoding="UTF-8"?>
<testsuite xmlns:xsi="http://www.w3.org/2001/XMLSchema-instance" xsi:noNamespaceSchemaLocation="https://maven.apache.org/surefire/maven-surefire-plugin/xsd/surefire-test-report-3.0.xsd" version="3.0" name="com.zhenduanqi.service.AuthServiceTest" time="1.162" tests="7" errors="0" skipped="0" failures="0">
  <properties>
[...]
</properties>
  <testcase name="login_whenIpRateLimited_throwsException" classname="com.zhenduanqi.service.AuthServiceTest" time="0.713"/>
  <testcase name="validateToken_withExpiredToken_returnsNull" classname="com.zhenduanqi.service.AuthServiceTest" time="0.115"/>
  <testcase name="login_withValidCredentials_returnsLoginResponseAndSetsCookie" classname="com.zhenduanqi.service.AuthServiceTest" time="0.133"/>
  <testcase name="login_withWrongPassword_throwsExceptionAndIncrementsFailCount" classname="com.zhenduanqi.service.AuthServiceTest" time="0.123"/>
  <testcase name="login_whenAccountLocked_throwsException" classname="com.zhenduanqi.service.AuthServiceTest" time="0.062"/>
  <testcase name="validateToken_afterLogout_returnsNull" classname="com.zhenduanqi.service.AuthServiceTest" time="0.003"/>
  <testcase name="validateToken_withValidToken_returnsUsername" classname="com.zhenduanqi.service.AuthServiceTest" time="0.003"/>
</testsuite>